0 info it worked if it ends with ok
1 verbose cli [ '/Users/jonathangertig/.nvm/versions/node/v4.2.2/bin/node',
1 verbose cli   '/Users/jonathangertig/.nvm/versions/node/v4.2.2/bin/npm',
1 verbose cli   'publish' ]
2 info using npm@2.14.7
3 info using node@v4.2.2
4 verbose publish [ '.' ]
5 silly cache add args [ '.', null ]
6 verbose cache add spec .
7 silly cache add parsed spec Result {
7 silly cache add   raw: '.',
7 silly cache add   scope: null,
7 silly cache add   name: null,
7 silly cache add   rawSpec: '.',
7 silly cache add   spec: '/Users/jonathangertig/Work/generator-genreact',
7 silly cache add   type: 'directory' }
8 verbose addLocalDirectory /Users/jonathangertig/.npm/generator-genreact/0.7.0/package.tgz not in flight; packing
9 verbose tar pack [ '/Users/jonathangertig/.npm/generator-genreact/0.7.0/package.tgz',
9 verbose tar pack   '/Users/jonathangertig/Work/generator-genreact' ]
10 verbose tarball /Users/jonathangertig/.npm/generator-genreact/0.7.0/package.tgz
11 verbose folder /Users/jonathangertig/Work/generator-genreact
12 info prepublish generator-genreact@0.7.0
13 verbose addLocalTarball adding from inside cache /Users/jonathangertig/.npm/generator-genreact/0.7.0/package.tgz
14 silly cache afterAdd generator-genreact@0.7.0
15 verbose afterAdd /Users/jonathangertig/.npm/generator-genreact/0.7.0/package/package.json not in flight; writing
16 verbose afterAdd /Users/jonathangertig/.npm/generator-genreact/0.7.0/package/package.json written
17 silly publish { name: 'generator-genreact',
17 silly publish   version: '0.7.0',
17 silly publish   description: 'A batteries-included isomorphic react application generator.',
17 silly publish   license: 'MIT',
17 silly publish   main: 'app/index.js',
17 silly publish   repository:
17 silly publish    { type: 'git',
17 silly publish      url: 'git+https://github.com/skookum/generator-genreact.git' },
17 silly publish   scripts: { test: 'mocha', lint: 'eslint .' },
17 silly publish   files: [ 'app', 'component', 'handler', 'transformers' ],
17 silly publish   keywords:
17 silly publish    [ 'yeoman-generator',
17 silly publish      'generator-react',
17 silly publish      'generator-isomorphic',
17 silly publish      'isomorphic',
17 silly publish      'react',
17 silly publish      'redux' ],
17 silly publish   dependencies:
17 silly publish    { chalk: '^1.0.0',
17 silly publish      lodash: '^4.7.0',
17 silly publish      recast: '^0.10.12',
17 silly publish      'yeoman-generator': '^0.19.2',
17 silly publish      yosay: '^1.0.3' },
17 silly publish   devDependencies:
17 silly publish    { 'babel-eslint': '^3.0.1',
17 silly publish      debug: '^2.1.3',
17 silly publish      eslint: '^0.20.0',
17 silly publish      'eslint-plugin-react': '^2.2.0',
17 silly publish      mocha: '^2.2.4' },
17 silly publish   readme: '# generator-genreact\n\n[![Build Status](https://travis-ci.org/Skookum/generator-genreact.svg)](https://travis-ci.org/Skookum/generator-genreact)\n\nWelcome to this brave new world. A better future that also brings\nwith us all of the things we learned in the past.\n\nIt may be a bit overwhelming if you try to understand all of it right out of the\ngate, though. This is a layered architecture that sets you up for success at\nevery level. It is highly opinionated, but attempts to hold its opinions\nloosely so that you can change it if you so desire.\n\n> NOTE: This is still alpha. We’re actively using it in prototypes at\nSkookum and intend on using it for production work imminently.\n\n## Get Hacking\n\n* `mkdir my-new-project && cd $_`\n* `yo genreact:app [app-name]`\n* `npm start`\n* `open localhost:<%= port %>`\n\n## Generator commands\n\n### Components\n\nComponents are the building blocks of your application. Think of them like Web\nComponents, but better. They have clear compositional boundaries, carry their CSS\nand behavior with them, and your application understands these dependencies so\nbundling for production is trivial.\n\n**Examples:**\n\n* `yo genreact:component MyComponentName`\n\nThis will generate the following file structure in `./app/components`.\n\n```\n|- MyComponentname/\n  |- index.js\n  |- styles.css\n  |- __tests__/\n    |- index.js\n```\n\n### Handlers\n\nHandlers are almost synonymous with a route or URL. Think of these as the entry\npoint to a specific part of your application.\n\n**Examples:**\n\n* `yo genreact:handler MyPageHandler`\n* `yo genreact:handler MyPageHandler/MySectionHandler`\n\nThe key difference is whether it’s a top-level route or a child route. This\ncommand will create the following structure and attempt to add it to the\nappropriate location in your `routes.js file.\n\n### Components: Revisited\n\nYou’ve generated a few components and now you have a few pages. We’ve already\nseen the structure that a component generates and requires. To generate\nadditional, section-specific components, you would do the following:\n\n**Examples:**\n\n* `yo genreact:component MyFlashyComponent`\n  --> `./components/MyFlashComponent`\n* `yo genreact:component MyFlashyComponent --handler MyPageHandler`\n  --> `./handlers/MyPageHandler/components/MyFlashComponent`\n* `yo genreact:component MyPageHandler/MySectionHandler/MyFlashyComponent`\n  --> `./app/MyPageHandler/MySectionHandler/components/MyFlashComponent`\n\n### Action & Reducer (Redux)\n\nYou’ve generated a few components and now you want to store data and get data. To generate\nactions and reducers, you would do the following:\n\n**Examples:**\n\n* `yo genreact:actionReducer User setUser addUser`\n  --> `./actions/UserActions.js`\n  --> `./reducers/UserReducer.js`\n* `yo genreact:action User setUser addUser`\n  --> `./actions/UserActions.js`\n* `yo genreact:reducer User setUser addUser`\n  --> `./reducers/UserReducer.js`\n\n## A few of the things you get\n\nPablo Picaso said that great artists steal. This toolchain takes the best\npractices and experiences we’ve had creating great consumer and enterprise\nproducts and bundles it together for us in a package that allows us to not just\nget up and running quickly but to then iterate effectively.\n\nA few of the things that you will find in here:\n\n* An amazing development environment. There is hot-reloading tooling for both the\n  client and server (TODO: patch reloads) built-in.\n* Isomorphic rendering with es6 everywhere.\n* A component architecture with co-located concerns.\n* Test suites that are ready to go.\n* A UI toolchain. We expect and prefer that your data layer be somewhere else.\n  The data and UI layers should be able to scale independently as needed.\n* (TODO) Rich documentation and style guide web interface.\n\nIn this environment, we reduce the concerns of our UI designers and developers\nto the component level. As a UI developer, you don’t need to worry about how\ncompilation happens or how to ensure that the CSS a component needs gets onto a\npage. You shouldn’t need to worry about how the final files are delivered to a\nclient in production. These are all practices that are understood well, but full\nof nuance and tradeoffs. We have tuned — and continue to tune — these characteristics.\n\n## Tools in Use\n\n* Webpack\n* React\n* react-router\n* jest\n* babel\n\n## Optional\n\n* redux\n* redux-thunk\n* redux-actions\n* react-redux\n\n## Resources\n\nA few resources that talk about some of the ideas you’ll find in here. Some\nof these articles were explicit drivers of this project and others were conveniently\npublished since we started this work. To these authors: thank you for our documentation.\n\n* Folder structure: https://gist.github.com/ryanflorence/daafb1e3cb8ad740b346\n* Block, Element, Modifying Your JS Components: https://medium.com/seek-ui-engineering/block-element-modifying-your-javascript-components-d7f99fcab52b\n\n## License\n\nThis generator and toolchain is MIT Licensed. The projects and tools we bring\ntogether for you each have their own license and terms you should be aware of.\n',
17 silly publish   readmeFilename: 'README.md',
17 silly publish   gitHead: 'd4339a58ca6a40f67c961dbeb0a19b777a2a687c',
17 silly publish   bugs: { url: 'https://github.com/skookum/generator-genreact/issues' },
17 silly publish   homepage: 'https://github.com/skookum/generator-genreact#readme',
17 silly publish   _id: 'generator-genreact@0.7.0',
17 silly publish   _shasum: '8f6b29befb6a8abd9492170889bf6a802142e5a3',
17 silly publish   _from: '.' }
18 verbose getPublishConfig undefined
19 silly mapToRegistry name generator-genreact
20 silly mapToRegistry using default registry
21 silly mapToRegistry registry https://registry.npmjs.org/
22 silly mapToRegistry uri https://registry.npmjs.org/generator-genreact
23 verbose publish registryBase https://registry.npmjs.org/
24 silly publish uploading /Users/jonathangertig/.npm/generator-genreact/0.7.0/package.tgz
25 verbose request uri https://registry.npmjs.org/generator-genreact
26 verbose request sending authorization for write operation
27 info attempt registry request try #1 at 1:17:30 PM
28 verbose request using bearer token for auth
29 verbose request id b185584768ef3fc9
30 http request PUT https://registry.npmjs.org/generator-genreact
31 http 403 https://registry.npmjs.org/generator-genreact
32 verbose headers { 'content-type': 'application/json',
32 verbose headers   'cache-control': 'max-age=300',
32 verbose headers   'content-length': '95',
32 verbose headers   'accept-ranges': 'bytes',
32 verbose headers   date: 'Mon, 04 Apr 2016 17:17:32 GMT',
32 verbose headers   via: '1.1 varnish',
32 verbose headers   connection: 'keep-alive',
32 verbose headers   'x-served-by': 'cache-iad2123-IAD',
32 verbose headers   'x-cache': 'MISS',
32 verbose headers   'x-cache-hits': '0',
32 verbose headers   'x-timer': 'S1459790251.391791,VS0,VE1055' }
33 verbose request invalidating /Users/jonathangertig/.npm/registry.npmjs.org/generator-genreact on PUT
34 error publish Failed PUT 403
35 verbose stack Error: "You cannot publish over the previously published version 0.7.0." : generator-genreact
35 verbose stack     at makeError (/Users/jonathangertig/.nvm/versions/node/v4.2.2/lib/node_modules/npm/node_modules/npm-registry-client/lib/request.js:264:12)
35 verbose stack     at CachingRegistryClient.<anonymous> (/Users/jonathangertig/.nvm/versions/node/v4.2.2/lib/node_modules/npm/node_modules/npm-registry-client/lib/request.js:252:14)
35 verbose stack     at Request._callback (/Users/jonathangertig/.nvm/versions/node/v4.2.2/lib/node_modules/npm/node_modules/npm-registry-client/lib/request.js:172:14)
35 verbose stack     at Request.self.callback (/Users/jonathangertig/.nvm/versions/node/v4.2.2/lib/node_modules/npm/node_modules/request/request.js:198:22)
35 verbose stack     at emitTwo (events.js:87:13)
35 verbose stack     at Request.emit (events.js:172:7)
35 verbose stack     at Request.<anonymous> (/Users/jonathangertig/.nvm/versions/node/v4.2.2/lib/node_modules/npm/node_modules/request/request.js:1063:14)
35 verbose stack     at emitOne (events.js:82:20)
35 verbose stack     at Request.emit (events.js:169:7)
35 verbose stack     at IncomingMessage.<anonymous> (/Users/jonathangertig/.nvm/versions/node/v4.2.2/lib/node_modules/npm/node_modules/request/request.js:1009:12)
36 verbose statusCode 403
37 verbose pkgid generator-genreact
38 verbose cwd /Users/jonathangertig/Work/generator-genreact
39 error Darwin 14.5.0
40 error argv "/Users/jonathangertig/.nvm/versions/node/v4.2.2/bin/node" "/Users/jonathangertig/.nvm/versions/node/v4.2.2/bin/npm" "publish"
41 error node v4.2.2
42 error npm  v2.14.7
43 error code E403
44 error "You cannot publish over the previously published version 0.7.0." : generator-genreact
45 error If you need help, you may report this error at:
45 error     <https://github.com/npm/npm/issues>
46 verbose exit [ 1, true ]
